<?xml version="1.0" encoding="UTF-8"?>
<testng-results ignored="0" total="1" passed="1" failed="0" skipped="0">
  <reporter-output>
  </reporter-output>
  <suite started-at="2023-08-09T23:18:03 IST" name="Suite" finished-at="2023-08-09T23:18:12 IST" duration-ms="8459">
    <groups>
    </groups>
    <test started-at="2023-08-09T23:18:03 IST" name="Test" finished-at="2023-08-09T23:18:12 IST" duration-ms="8459">
      <class name="login">
        <test-method is-config="true" signature="f()[pri:0, instance:login@769f71a9]" started-at="2023-08-09T23:18:03 IST" name="f" finished-at="2023-08-09T23:18:11 IST" duration-ms="7982" status="PASS">
          <reporter-output>
          </reporter-output>
        </test-method> <!-- f -->
        <test-method signature="f1()[pri:0, instance:login@769f71a9]" started-at="2023-08-09T23:18:11 IST" name="f1" finished-at="2023-08-09T23:18:11 IST" duration-ms="17" status="PASS">
          <reporter-output>
          </reporter-output>
        </test-method> <!-- f1 -->
        <test-method is-config="true" signature="f2()[pri:0, instance:login@769f71a9]" started-at="2023-08-09T23:18:11 IST" name="f2" finished-at="2023-08-09T23:18:12 IST" duration-ms="401" status="PASS">
          <reporter-output>
          </reporter-output>
        </test-method> <!-- f2 -->
      </class> <!-- login -->
    </test> <!-- Test -->
  </suite> <!-- Suite -->
</testng-results>
