<?xml version="1.0" encoding="UTF-8"?>
<testng-results ignored="0" total="1" passed="1" failed="0" skipped="0">
  <reporter-output>
  </reporter-output>
  <suite started-at="2023-08-09T22:49:49 IST" name="Default suite" finished-at="2023-08-09T22:50:02 IST" duration-ms="12940">
    <groups>
    </groups>
    <test started-at="2023-08-09T22:49:49 IST" name="Default test" finished-at="2023-08-09T22:50:02 IST" duration-ms="12940">
      <class name="login">
        <test-method is-config="true" signature="f()[pri:0, instance:login@6771beb3]" started-at="2023-08-09T22:49:49 IST" name="f" finished-at="2023-08-09T22:50:01 IST" duration-ms="11993" status="PASS">
          <reporter-output>
          </reporter-output>
        </test-method> <!-- f -->
        <test-method signature="f1()[pri:0, instance:login@6771beb3]" started-at="2023-08-09T22:50:01 IST" name="f1" finished-at="2023-08-09T22:50:01 IST" duration-ms="26" status="PASS">
          <reporter-output>
          </reporter-output>
        </test-method> <!-- f1 -->
        <test-method is-config="true" signature="f2()[pri:0, instance:login@6771beb3]" started-at="2023-08-09T22:50:01 IST" name="f2" finished-at="2023-08-09T22:50:02 IST" duration-ms="828" status="PASS">
          <reporter-output>
          </reporter-output>
        </test-method> <!-- f2 -->
      </class> <!-- login -->
    </test> <!-- Default test -->
  </suite> <!-- Default suite -->
</testng-results>
